<?xml version="1.0" encoding="UTF-8"?>
<!-- Generated by org.testng.reporters.JUnitXMLReporter -->
<testsuite ignored="0" hostname="HEAD-OUIA6" failures="0" tests="3" name="Surefire test" time="0.023" errors="0" timestamp="2025-10-28T14:42:23 ALMT">
  <testcase classname="com.testpocmaven.TestConcatenateValues" name="testConcatenateValue" time="0.003"/>
  <testcase classname="com.testpocmaven.TestConcatenateValues" name="testFnameOnly" time="0.0"/>
  <testcase classname="com.testpocmaven.TestConcatenateValues" name="testNovalues" time="0.0"/>
</testsuite> <!-- Surefire test -->
