<?xml version="1.0" encoding="UTF-8"?>
<testng-results ignored="0" total="3" passed="3" failed="0" skipped="0">
  <reporter-output>
  </reporter-output>
  <suite started-at="2025-10-28T14:05:47 ALMT" name="Default suite" finished-at="2025-10-28T14:05:47 ALMT" duration-ms="34">
    <groups>
    </groups>
    <test started-at="2025-10-28T14:05:47 ALMT" name="Default test" finished-at="2025-10-28T14:05:47 ALMT" duration-ms="34">
      <class name="com.testpocmaven.TestConcatenateValues">
        <test-method signature="testConcatenateValue()[pri:0, instance:com.testpocmaven.TestConcatenateValues@795cd85e]" started-at="2025-10-28T14:05:47 ALMT" name="testConcatenateValue" finished-at="2025-10-28T14:05:47 ALMT" duration-ms="4" status="PASS">
          <reporter-output>
          </reporter-output>
        </test-method> <!-- testConcatenateValue -->
        <test-method signature="testFnameOnly()[pri:0, instance:com.testpocmaven.TestConcatenateValues@795cd85e]" started-at="2025-10-28T14:05:47 ALMT" name="testFnameOnly" finished-at="2025-10-28T14:05:47 ALMT" duration-ms="1" status="PASS">
          <reporter-output>
          </reporter-output>
        </test-method> <!-- testFnameOnly -->
        <test-method signature="testNovalues()[pri:0, instance:com.testpocmaven.TestConcatenateValues@795cd85e]" started-at="2025-10-28T14:05:47 ALMT" name="testNovalues" finished-at="2025-10-28T14:05:47 ALMT" duration-ms="0" status="PASS">
          <reporter-output>
          </reporter-output>
        </test-method> <!-- testNovalues -->
      </class> <!-- com.testpocmaven.TestConcatenateValues -->
    </test> <!-- Default test -->
  </suite> <!-- Default suite -->
</testng-results>
