<?xml version="1.0" encoding="UTF-8"?>
<!-- Generated by org.testng.reporters.JUnitXMLReporter -->
<testsuite ignored="0" hostname="HEAD-OUIA6" failures="0" tests="3" name="Default test" time="0.034" errors="0" timestamp="2025-10-28T14:05:47 ALMT">
  <testcase classname="com.testpocmaven.TestConcatenateValues" name="testConcatenateValue" time="0.004"/>
  <testcase classname="com.testpocmaven.TestConcatenateValues" name="testFnameOnly" time="0.001"/>
  <testcase classname="com.testpocmaven.TestConcatenateValues" name="testNovalues" time="0.0"/>
</testsuite> <!-- Default test -->
