<?xml version="1.0" encoding="UTF-8"?>
<testng-results ignored="0" total="3" passed="3" failed="0" skipped="0">
  <reporter-output>
  </reporter-output>
  <suite started-at="2025-10-28T14:42:23 ALMT" name="Surefire suite" finished-at="2025-10-28T14:42:23 ALMT" duration-ms="23">
    <groups>
    </groups>
    <test started-at="2025-10-28T14:42:23 ALMT" name="Surefire test" finished-at="2025-10-28T14:42:23 ALMT" duration-ms="23">
      <class name="com.testpocmaven.TestConcatenateValues">
        <test-method signature="testConcatenateValue()[pri:0, instance:com.testpocmaven.TestConcatenateValues@534df152]" started-at="2025-10-28T14:42:23 ALMT" name="testConcatenateValue" finished-at="2025-10-28T14:42:23 ALMT" duration-ms="3" status="PASS">
          <reporter-output>
          </reporter-output>
        </test-method> <!-- testConcatenateValue -->
        <test-method signature="testFnameOnly()[pri:0, instance:com.testpocmaven.TestConcatenateValues@534df152]" started-at="2025-10-28T14:42:23 ALMT" name="testFnameOnly" finished-at="2025-10-28T14:42:23 ALMT" duration-ms="0" status="PASS">
          <reporter-output>
          </reporter-output>
        </test-method> <!-- testFnameOnly -->
        <test-method signature="testNovalues()[pri:0, instance:com.testpocmaven.TestConcatenateValues@534df152]" started-at="2025-10-28T14:42:23 ALMT" name="testNovalues" finished-at="2025-10-28T14:42:23 ALMT" duration-ms="0" status="PASS">
          <reporter-output>
          </reporter-output>
        </test-method> <!-- testNovalues -->
      </class> <!-- com.testpocmaven.TestConcatenateValues -->
    </test> <!-- Surefire test -->
  </suite> <!-- Surefire suite -->
</testng-results>
