<?xml version="1.0" encoding="UTF-8"?>
<testsuite xmlns:xsi="http://www.w3.org/2001/XMLSchema-instance" xsi:noNamespaceSchemaLocation="https://maven.apache.org/surefire/maven-surefire-plugin/xsd/surefire-test-report-3.0.xsd" version="3.0" name="com.testpocmaven.TestConcatenateValues" time="0.362" tests="3" errors="0" skipped="0" failures="0">
  <properties>
[...]
</properties>
  <testcase name="testConcatenateValue" classname="com.testpocmaven.TestConcatenateValues" time="0.004">
    <system-out><![CDATA[manju kaushik
]]></system-out>
    <system-err><![CDATA[SLF4J: Failed to load class "org.slf4j.impl.StaticLoggerBinder".
SLF4J: Defaulting to no-operation (NOP) logger implementation
SLF4J: See http://www.slf4j.org/codes.html#StaticLoggerBinder for further details.
]]></system-err>
  </testcase>
  <testcase name="testFnameOnly" classname="com.testpocmaven.TestConcatenateValues" time="0.001">
    <system-out><![CDATA[Either first name OR last name are empty
]]></system-out>
  </testcase>
  <testcase name="testNovalues" classname="com.testpocmaven.TestConcatenateValues" time="0.001">
    <system-out><![CDATA[Both first name and last name are empty
]]></system-out>
  </testcase>
</testsuite>